<?xml version="1.0" encoding="UTF-8"?>
<testng-results skipped="0" failed="0" ignored="0" total="1" passed="1">
  <reporter-output>
  </reporter-output>
  <suite name="Default suite" duration-ms="44471" started-at="2017-08-21T09:04:28Z" finished-at="2017-08-21T09:05:13Z">
    <groups>
    </groups>
    <test name="Default test" duration-ms="44471" started-at="2017-08-21T09:04:28Z" finished-at="2017-08-21T09:05:13Z">
      <class name="loginPage2">
        <test-method status="PASS" signature="Setup()[pri:0, instance:loginPage2@523884b2]" name="Setup" is-config="true" duration-ms="38702" started-at="2017-08-21T14:34:28Z" finished-at="2017-08-21T14:35:07Z">
          <reporter-output>
          </reporter-output>
        </test-method> <!-- Setup -->
        <test-method status="PASS" signature="login()[pri:0, instance:loginPage2@523884b2]" name="login" duration-ms="5616" started-at="2017-08-21T14:35:07Z" finished-at="2017-08-21T14:35:13Z">
          <reporter-output>
          </reporter-output>
        </test-method> <!-- login -->
        <test-method status="PASS" signature="teardown()[pri:0, instance:loginPage2@523884b2]" name="teardown" is-config="true" duration-ms="1" started-at="2017-08-21T14:35:13Z" finished-at="2017-08-21T14:35:13Z">
          <reporter-output>
          </reporter-output>
        </test-method> <!-- teardown -->
      </class> <!-- loginPage2 -->
    </test> <!-- Default test -->
  </suite> <!-- Default suite -->
</testng-results>
